2024-06-18 11:36:54,373 [Worker-6: Loading available Gradle versions] INFO  o.e.b.c.i.u.g.PublishedGradleVersions - Gradle version information cache is out-of-date. Trying to update.
2024-06-18 11:39:44,862 [ModalContext] INFO  o.e.m.c.i.e.AbstractTransferListenerAdapter - Downloading https://repo.maven.apache.org/maven2/org/apache/maven/archetypes/maven-archetype-quickstart/1.4/maven-archetype-quickstart-1.4.pom
2024-06-18 11:39:44,913 [ModalContext] INFO  o.e.m.c.i.e.AbstractTransferListenerAdapter - Downloaded https://repo.maven.apache.org/maven2/org/apache/maven/archetypes/maven-archetype-quickstart/1.4/maven-archetype-quickstart-1.4.pom
2024-06-18 11:39:44,967 [ModalContext] INFO  o.e.m.c.i.e.AbstractTransferListenerAdapter - Downloading https://repo.maven.apache.org/maven2/org/apache/maven/archetypes/maven-archetype-bundles/1.4/maven-archetype-bundles-1.4.pom
2024-06-18 11:39:45,006 [ModalContext] INFO  o.e.m.c.i.e.AbstractTransferListenerAdapter - Downloaded https://repo.maven.apache.org/maven2/org/apache/maven/archetypes/maven-archetype-bundles/1.4/maven-archetype-bundles-1.4.pom
2024-06-18 11:39:45,033 [ModalContext] INFO  o.e.m.c.i.e.AbstractTransferListenerAdapter - Downloading https://repo.maven.apache.org/maven2/org/apache/maven/maven-parent/33/maven-parent-33.pom
2024-06-18 11:39:45,088 [ModalContext] INFO  o.e.m.c.i.e.AbstractTransferListenerAdapter - Downloaded https://repo.maven.apache.org/maven2/org/apache/maven/maven-parent/33/maven-parent-33.pom
2024-06-18 11:39:45,133 [ModalContext] INFO  o.e.m.c.i.e.AbstractTransferListenerAdapter - Downloading https://repo.maven.apache.org/maven2/org/apache/apache/21/apache-21.pom
2024-06-18 11:39:45,176 [ModalContext] INFO  o.e.m.c.i.e.AbstractTransferListenerAdapter - Downloaded https://repo.maven.apache.org/maven2/org/apache/apache/21/apache-21.pom
2024-06-18 11:39:45,240 [ModalContext] INFO  o.e.m.c.i.e.AbstractTransferListenerAdapter - Downloading https://repo.maven.apache.org/maven2/org/apache/maven/archetypes/maven-archetype-quickstart/1.4/maven-archetype-quickstart-1.4.jar
2024-06-18 11:39:45,355 [ModalContext] INFO  o.e.m.c.i.e.AbstractTransferListenerAdapter - Downloaded https://repo.maven.apache.org/maven2/org/apache/maven/archetypes/maven-archetype-quickstart/1.4/maven-archetype-quickstart-1.4.jar
2024-06-18 11:40:03,189 [Worker-7: Launching mavenrun-b9b7faf9-e240-4259-b913-938ca11fe4f5] INFO  o.eclipse.m2e.core.internal.Bundles - getClasspathEntries(Bundle=org.eclipse.m2e.maven.runtime_3.9.600.20231203-1234 [637])
2024-06-18 11:40:03,193 [Worker-7: Launching mavenrun-b9b7faf9-e240-4259-b913-938ca11fe4f5] INFO  o.eclipse.m2e.core.internal.Bundles - 	Entry: C:\Users\sosak\.p2\pool\plugins\org.eclipse.m2e.maven.runtime_3.9.600.20231203-1234
2024-06-18 11:40:03,194 [Worker-7: Launching mavenrun-b9b7faf9-e240-4259-b913-938ca11fe4f5] INFO  o.eclipse.m2e.core.internal.Bundles - 	Entry: C:\Users\sosak\.p2\pool\plugins\org.eclipse.m2e.maven.runtime_3.9.600.20231203-1234\jars\aopalliance-1.0.jar
2024-06-18 11:40:03,195 [Worker-7: Launching mavenrun-b9b7faf9-e240-4259-b913-938ca11fe4f5] INFO  o.eclipse.m2e.core.internal.Bundles - 	Entry: C:\Users\sosak\.p2\pool\plugins\org.eclipse.m2e.maven.runtime_3.9.600.20231203-1234\jars\guice-5.1.0.jar
2024-06-18 11:40:03,196 [Worker-7: Launching mavenrun-b9b7faf9-e240-4259-b913-938ca11fe4f5] INFO  o.eclipse.m2e.core.internal.Bundles - 	Entry: C:\Users\sosak\.p2\pool\plugins\org.eclipse.m2e.maven.runtime_3.9.600.20231203-1234\jars\httpclient-4.5.14.jar
2024-06-18 11:40:03,197 [Worker-7: Launching mavenrun-b9b7faf9-e240-4259-b913-938ca11fe4f5] INFO  o.eclipse.m2e.core.internal.Bundles - 	Entry: C:\Users\sosak\.p2\pool\plugins\org.eclipse.m2e.maven.runtime_3.9.600.20231203-1234\jars\httpcore-4.4.16.jar
2024-06-18 11:40:03,198 [Worker-7: Launching mavenrun-b9b7faf9-e240-4259-b913-938ca11fe4f5] INFO  o.eclipse.m2e.core.internal.Bundles - 	Entry: C:\Users\sosak\.p2\pool\plugins\org.eclipse.m2e.maven.runtime_3.9.600.20231203-1234\jars\jansi-2.4.0.jar
2024-06-18 11:40:03,198 [Worker-7: Launching mavenrun-b9b7faf9-e240-4259-b913-938ca11fe4f5] INFO  o.eclipse.m2e.core.internal.Bundles - 	Entry: C:\Users\sosak\.p2\pool\plugins\org.eclipse.m2e.maven.runtime_3.9.600.20231203-1234\jars\jcl-over-slf4j-1.7.36.jar
2024-06-18 11:40:03,199 [Worker-7: Launching mavenrun-b9b7faf9-e240-4259-b913-938ca11fe4f5] INFO  o.eclipse.m2e.core.internal.Bundles - 	Entry: C:\Users\sosak\.p2\pool\plugins\org.eclipse.m2e.maven.runtime_3.9.600.20231203-1234\jars\maven-artifact-3.9.6.jar
2024-06-18 11:40:03,200 [Worker-7: Launching mavenrun-b9b7faf9-e240-4259-b913-938ca11fe4f5] INFO  o.eclipse.m2e.core.internal.Bundles - 	Entry: C:\Users\sosak\.p2\pool\plugins\org.eclipse.m2e.maven.runtime_3.9.600.20231203-1234\jars\maven-builder-support-3.9.6.jar
2024-06-18 11:40:03,200 [Worker-7: Launching mavenrun-b9b7faf9-e240-4259-b913-938ca11fe4f5] INFO  o.eclipse.m2e.core.internal.Bundles - 	Entry: C:\Users\sosak\.p2\pool\plugins\org.eclipse.m2e.maven.runtime_3.9.600.20231203-1234\jars\maven-compat-3.9.6.jar
2024-06-18 11:40:03,201 [Worker-7: Launching mavenrun-b9b7faf9-e240-4259-b913-938ca11fe4f5] INFO  o.eclipse.m2e.core.internal.Bundles - 	Entry: C:\Users\sosak\.p2\pool\plugins\org.eclipse.m2e.maven.runtime_3.9.600.20231203-1234\jars\maven-core-3.9.6.jar
2024-06-18 11:40:03,201 [Worker-7: Launching mavenrun-b9b7faf9-e240-4259-b913-938ca11fe4f5] INFO  o.eclipse.m2e.core.internal.Bundles - 	Entry: C:\Users\sosak\.p2\pool\plugins\org.eclipse.m2e.maven.runtime_3.9.600.20231203-1234\jars\maven-embedder-3.9.6.jar
2024-06-18 11:40:03,202 [Worker-7: Launching mavenrun-b9b7faf9-e240-4259-b913-938ca11fe4f5] INFO  o.eclipse.m2e.core.internal.Bundles - 	Entry: C:\Users\sosak\.p2\pool\plugins\org.eclipse.m2e.maven.runtime_3.9.600.20231203-1234\jars\maven-model-3.9.6.jar
2024-06-18 11:40:03,203 [Worker-7: Launching mavenrun-b9b7faf9-e240-4259-b913-938ca11fe4f5] INFO  o.eclipse.m2e.core.internal.Bundles - 	Entry: C:\Users\sosak\.p2\pool\plugins\org.eclipse.m2e.maven.runtime_3.9.600.20231203-1234\jars\maven-model-builder-3.9.6.jar
2024-06-18 11:40:03,203 [Worker-7: Launching mavenrun-b9b7faf9-e240-4259-b913-938ca11fe4f5] INFO  o.eclipse.m2e.core.internal.Bundles - 	Entry: C:\Users\sosak\.p2\pool\plugins\org.eclipse.m2e.maven.runtime_3.9.600.20231203-1234\jars\maven-plugin-api-3.9.6.jar
2024-06-18 11:40:03,204 [Worker-7: Launching mavenrun-b9b7faf9-e240-4259-b913-938ca11fe4f5] INFO  o.eclipse.m2e.core.internal.Bundles - 	Entry: C:\Users\sosak\.p2\pool\plugins\org.eclipse.m2e.maven.runtime_3.9.600.20231203-1234\jars\maven-repository-metadata-3.9.6.jar
2024-06-18 11:40:03,205 [Worker-7: Launching mavenrun-b9b7faf9-e240-4259-b913-938ca11fe4f5] INFO  o.eclipse.m2e.core.internal.Bundles - 	Entry: C:\Users\sosak\.p2\pool\plugins\org.eclipse.m2e.maven.runtime_3.9.600.20231203-1234\jars\maven-resolver-api-1.9.18.jar
2024-06-18 11:40:03,205 [Worker-7: Launching mavenrun-b9b7faf9-e240-4259-b913-938ca11fe4f5] INFO  o.eclipse.m2e.core.internal.Bundles - 	Entry: C:\Users\sosak\.p2\pool\plugins\org.eclipse.m2e.maven.runtime_3.9.600.20231203-1234\jars\maven-resolver-connector-basic-1.9.18.jar
2024-06-18 11:40:03,206 [Worker-7: Launching mavenrun-b9b7faf9-e240-4259-b913-938ca11fe4f5] INFO  o.eclipse.m2e.core.internal.Bundles - 	Entry: C:\Users\sosak\.p2\pool\plugins\org.eclipse.m2e.maven.runtime_3.9.600.20231203-1234\jars\maven-resolver-impl-1.9.18.jar
2024-06-18 11:40:03,208 [Worker-7: Launching mavenrun-b9b7faf9-e240-4259-b913-938ca11fe4f5] INFO  o.eclipse.m2e.core.internal.Bundles - 	Entry: C:\Users\sosak\.p2\pool\plugins\org.eclipse.m2e.maven.runtime_3.9.600.20231203-1234\jars\maven-resolver-named-locks-1.9.18.jar
2024-06-18 11:40:03,208 [Worker-7: Launching mavenrun-b9b7faf9-e240-4259-b913-938ca11fe4f5] INFO  o.eclipse.m2e.core.internal.Bundles - 	Entry: C:\Users\sosak\.p2\pool\plugins\org.eclipse.m2e.maven.runtime_3.9.600.20231203-1234\jars\maven-resolver-provider-3.9.6.jar
2024-06-18 11:40:03,209 [Worker-7: Launching mavenrun-b9b7faf9-e240-4259-b913-938ca11fe4f5] INFO  o.eclipse.m2e.core.internal.Bundles - 	Entry: C:\Users\sosak\.p2\pool\plugins\org.eclipse.m2e.maven.runtime_3.9.600.20231203-1234\jars\maven-resolver-spi-1.9.18.jar
2024-06-18 11:40:03,210 [Worker-7: Launching mavenrun-b9b7faf9-e240-4259-b913-938ca11fe4f5] INFO  o.eclipse.m2e.core.internal.Bundles - 	Entry: C:\Users\sosak\.p2\pool\plugins\org.eclipse.m2e.maven.runtime_3.9.600.20231203-1234\jars\maven-resolver-transport-file-1.9.18.jar
2024-06-18 11:40:03,210 [Worker-7: Launching mavenrun-b9b7faf9-e240-4259-b913-938ca11fe4f5] INFO  o.eclipse.m2e.core.internal.Bundles - 	Entry: C:\Users\sosak\.p2\pool\plugins\org.eclipse.m2e.maven.runtime_3.9.600.20231203-1234\jars\maven-resolver-transport-http-1.9.18.jar
2024-06-18 11:40:03,211 [Worker-7: Launching mavenrun-b9b7faf9-e240-4259-b913-938ca11fe4f5] INFO  o.eclipse.m2e.core.internal.Bundles - 	Entry: C:\Users\sosak\.p2\pool\plugins\org.eclipse.m2e.maven.runtime_3.9.600.20231203-1234\jars\maven-resolver-transport-wagon-1.9.18.jar
2024-06-18 11:40:03,212 [Worker-7: Launching mavenrun-b9b7faf9-e240-4259-b913-938ca11fe4f5] INFO  o.eclipse.m2e.core.internal.Bundles - 	Entry: C:\Users\sosak\.p2\pool\plugins\org.eclipse.m2e.maven.runtime_3.9.600.20231203-1234\jars\maven-resolver-util-1.9.18.jar
2024-06-18 11:40:03,212 [Worker-7: Launching mavenrun-b9b7faf9-e240-4259-b913-938ca11fe4f5] INFO  o.eclipse.m2e.core.internal.Bundles - 	Entry: C:\Users\sosak\.p2\pool\plugins\org.eclipse.m2e.maven.runtime_3.9.600.20231203-1234\jars\maven-settings-3.9.6.jar
2024-06-18 11:40:03,213 [Worker-7: Launching mavenrun-b9b7faf9-e240-4259-b913-938ca11fe4f5] INFO  o.eclipse.m2e.core.internal.Bundles - 	Entry: C:\Users\sosak\.p2\pool\plugins\org.eclipse.m2e.maven.runtime_3.9.600.20231203-1234\jars\maven-settings-builder-3.9.6.jar
2024-06-18 11:40:03,214 [Worker-7: Launching mavenrun-b9b7faf9-e240-4259-b913-938ca11fe4f5] INFO  o.eclipse.m2e.core.internal.Bundles - 	Entry: C:\Users\sosak\.p2\pool\plugins\org.eclipse.m2e.maven.runtime_3.9.600.20231203-1234\jars\maven-shared-utils-3.3.4.jar
2024-06-18 11:40:03,214 [Worker-7: Launching mavenrun-b9b7faf9-e240-4259-b913-938ca11fe4f5] INFO  o.eclipse.m2e.core.internal.Bundles - 	Entry: C:\Users\sosak\.p2\pool\plugins\org.eclipse.m2e.maven.runtime_3.9.600.20231203-1234\jars\org.eclipse.sisu.inject-0.9.0.M2.jar
2024-06-18 11:40:03,215 [Worker-7: Launching mavenrun-b9b7faf9-e240-4259-b913-938ca11fe4f5] INFO  o.eclipse.m2e.core.internal.Bundles - 	Entry: C:\Users\sosak\.p2\pool\plugins\org.eclipse.m2e.maven.runtime_3.9.600.20231203-1234\jars\org.eclipse.sisu.plexus-0.9.0.M2.jar
2024-06-18 11:40:03,215 [Worker-7: Launching mavenrun-b9b7faf9-e240-4259-b913-938ca11fe4f5] INFO  o.eclipse.m2e.core.internal.Bundles - 	Entry: C:\Users\sosak\.p2\pool\plugins\org.eclipse.m2e.maven.runtime_3.9.600.20231203-1234\jars\plexus-build-api-0.0.7.jar
2024-06-18 11:40:03,216 [Worker-7: Launching mavenrun-b9b7faf9-e240-4259-b913-938ca11fe4f5] INFO  o.eclipse.m2e.core.internal.Bundles - 	Entry: C:\Users\sosak\.p2\pool\plugins\org.eclipse.m2e.maven.runtime_3.9.600.20231203-1234\jars\plexus-cipher-2.0.jar
2024-06-18 11:40:03,217 [Worker-7: Launching mavenrun-b9b7faf9-e240-4259-b913-938ca11fe4f5] INFO  o.eclipse.m2e.core.internal.Bundles - 	Entry: C:\Users\sosak\.p2\pool\plugins\org.eclipse.m2e.maven.runtime_3.9.600.20231203-1234\jars\plexus-classworlds-2.7.0.jar
2024-06-18 11:40:03,217 [Worker-7: Launching mavenrun-b9b7faf9-e240-4259-b913-938ca11fe4f5] INFO  o.eclipse.m2e.core.internal.Bundles - 	Entry: C:\Users\sosak\.p2\pool\plugins\org.eclipse.m2e.maven.runtime_3.9.600.20231203-1234\jars\plexus-component-annotations-2.1.0.jar
2024-06-18 11:40:03,218 [Worker-7: Launching mavenrun-b9b7faf9-e240-4259-b913-938ca11fe4f5] INFO  o.eclipse.m2e.core.internal.Bundles - 	Entry: C:\Users\sosak\.p2\pool\plugins\org.eclipse.m2e.maven.runtime_3.9.600.20231203-1234\jars\plexus-interpolation-1.26.jar
2024-06-18 11:40:03,218 [Worker-7: Launching mavenrun-b9b7faf9-e240-4259-b913-938ca11fe4f5] INFO  o.eclipse.m2e.core.internal.Bundles - 	Entry: C:\Users\sosak\.p2\pool\plugins\org.eclipse.m2e.maven.runtime_3.9.600.20231203-1234\jars\plexus-sec-dispatcher-2.0.jar
2024-06-18 11:40:03,219 [Worker-7: Launching mavenrun-b9b7faf9-e240-4259-b913-938ca11fe4f5] INFO  o.eclipse.m2e.core.internal.Bundles - 	Entry: C:\Users\sosak\.p2\pool\plugins\org.eclipse.m2e.maven.runtime_3.9.600.20231203-1234\jars\plexus-utils-3.5.1.jar
2024-06-18 11:40:03,220 [Worker-7: Launching mavenrun-b9b7faf9-e240-4259-b913-938ca11fe4f5] INFO  o.eclipse.m2e.core.internal.Bundles - 	Entry: C:\Users\sosak\.p2\pool\plugins\org.eclipse.m2e.maven.runtime_3.9.600.20231203-1234\jars\wagon-file-3.5.3.jar
2024-06-18 11:40:03,220 [Worker-7: Launching mavenrun-b9b7faf9-e240-4259-b913-938ca11fe4f5] INFO  o.eclipse.m2e.core.internal.Bundles - 	Entry: C:\Users\sosak\.p2\pool\plugins\org.eclipse.m2e.maven.runtime_3.9.600.20231203-1234\jars\wagon-http-3.5.3.jar
2024-06-18 11:40:03,221 [Worker-7: Launching mavenrun-b9b7faf9-e240-4259-b913-938ca11fe4f5] INFO  o.eclipse.m2e.core.internal.Bundles - 	Entry: C:\Users\sosak\.p2\pool\plugins\org.eclipse.m2e.maven.runtime_3.9.600.20231203-1234\jars\wagon-http-shared-3.5.3.jar
2024-06-18 11:40:03,222 [Worker-7: Launching mavenrun-b9b7faf9-e240-4259-b913-938ca11fe4f5] INFO  o.eclipse.m2e.core.internal.Bundles - 	Entry: C:\Users\sosak\.p2\pool\plugins\org.eclipse.m2e.maven.runtime_3.9.600.20231203-1234\jars\wagon-provider-api-3.5.3.jar
2024-06-18 11:40:03,225 [Worker-7: Launching mavenrun-b9b7faf9-e240-4259-b913-938ca11fe4f5] INFO  o.eclipse.m2e.core.internal.Bundles - getClasspathEntries(Bundle=com.google.guava_33.0.0.jre [14])
2024-06-18 11:40:03,226 [Worker-7: Launching mavenrun-b9b7faf9-e240-4259-b913-938ca11fe4f5] INFO  o.eclipse.m2e.core.internal.Bundles - 	Entry: C:\Users\sosak\.p2\pool\plugins\com.google.guava_33.0.0.jre.jar
2024-06-18 11:40:03,227 [Worker-7: Launching mavenrun-b9b7faf9-e240-4259-b913-938ca11fe4f5] INFO  o.eclipse.m2e.core.internal.Bundles - getClasspathEntries(Bundle=slf4j.api_2.0.13 [999])
2024-06-18 11:40:03,228 [Worker-7: Launching mavenrun-b9b7faf9-e240-4259-b913-938ca11fe4f5] INFO  o.eclipse.m2e.core.internal.Bundles - 	Entry: C:\Users\sosak\.p2\pool\plugins\slf4j.api_2.0.13.jar
2024-06-18 11:40:03,228 [Worker-7: Launching mavenrun-b9b7faf9-e240-4259-b913-938ca11fe4f5] INFO  o.eclipse.m2e.core.internal.Bundles - getClasspathEntries(Bundle=jakarta.inject.jakarta.inject-api_1.0.5 [32])
2024-06-18 11:40:03,229 [Worker-7: Launching mavenrun-b9b7faf9-e240-4259-b913-938ca11fe4f5] INFO  o.eclipse.m2e.core.internal.Bundles - 	Entry: C:\Users\sosak\.p2\pool\plugins\jakarta.inject.jakarta.inject-api_1.0.5.jar
2024-06-18 11:40:03,230 [Worker-7: Launching mavenrun-b9b7faf9-e240-4259-b913-938ca11fe4f5] INFO  o.eclipse.m2e.core.internal.Bundles - getClasspathEntries(Bundle=jakarta.annotation-api_1.3.5 [27])
2024-06-18 11:40:03,231 [Worker-7: Launching mavenrun-b9b7faf9-e240-4259-b913-938ca11fe4f5] INFO  o.eclipse.m2e.core.internal.Bundles - 	Entry: C:\Users\sosak\.p2\pool\plugins\jakarta.annotation-api_1.3.5.jar
2024-06-18 11:40:03,231 [Worker-7: Launching mavenrun-b9b7faf9-e240-4259-b913-938ca11fe4f5] INFO  o.eclipse.m2e.core.internal.Bundles - getClasspathEntries(Bundle=org.apache.commons.cli_1.6.0 [75])
2024-06-18 11:40:03,232 [Worker-7: Launching mavenrun-b9b7faf9-e240-4259-b913-938ca11fe4f5] INFO  o.eclipse.m2e.core.internal.Bundles - 	Entry: C:\Users\sosak\.p2\pool\plugins\org.apache.commons.cli_1.6.0.jar
2024-06-18 11:40:03,232 [Worker-7: Launching mavenrun-b9b7faf9-e240-4259-b913-938ca11fe4f5] INFO  o.eclipse.m2e.core.internal.Bundles - getClasspathEntries(Bundle=org.apache.commons.commons-codec_1.16.0 [78])
2024-06-18 11:40:03,234 [Worker-7: Launching mavenrun-b9b7faf9-e240-4259-b913-938ca11fe4f5] INFO  o.eclipse.m2e.core.internal.Bundles - 	Entry: C:\Users\sosak\.p2\pool\plugins\org.apache.commons.commons-codec_1.16.0.jar
2024-06-18 11:40:03,234 [Worker-7: Launching mavenrun-b9b7faf9-e240-4259-b913-938ca11fe4f5] INFO  o.eclipse.m2e.core.internal.Bundles - getClasspathEntries(Bundle=org.apache.commons.lang3_3.14.0 [86])
2024-06-18 11:40:03,236 [Worker-7: Launching mavenrun-b9b7faf9-e240-4259-b913-938ca11fe4f5] INFO  o.eclipse.m2e.core.internal.Bundles - 	Entry: C:\Users\sosak\.p2\pool\plugins\org.apache.commons.lang3_3.14.0.jar
2024-06-18 11:40:03,236 [Worker-7: Launching mavenrun-b9b7faf9-e240-4259-b913-938ca11fe4f5] INFO  o.eclipse.m2e.core.internal.Bundles - getClasspathEntries(Bundle=com.google.guava.failureaccess_1.0.2 [15])
2024-06-18 11:40:03,237 [Worker-7: Launching mavenrun-b9b7faf9-e240-4259-b913-938ca11fe4f5] INFO  o.eclipse.m2e.core.internal.Bundles - 	Entry: C:\Users\sosak\.p2\pool\plugins\com.google.guava.failureaccess_1.0.2.jar
2024-06-18 11:40:03,257 [Worker-7: Launching mavenrun-b9b7faf9-e240-4259-b913-938ca11fe4f5] INFO  o.e.m.i.launch.MavenLaunchDelegate - Run build in "C:\Users\sosak\AppData\Local\Temp\m2e-archetypeGenerator6232093304116369354":
2024-06-18 11:40:03,267 [Worker-7: Launching mavenrun-b9b7faf9-e240-4259-b913-938ca11fe4f5] INFO  o.e.m.i.launch.MavenLaunchDelegate -  mvn  -DarchetypeGroupId=org.apache.maven.archetypes -DarchetypeArtifactId=maven-archetype-quickstart -DarchetypeVersion=1.4 -DgroupId=Practicas -DartifactId=Hipotecario -Dversion=0.0.1-SNAPSHOT -Dpackage=Practicas.Hipotecario -DoutputDirectory=C:\Users\sosak\Lucas\Practicas-Cotizacion\Java -Dstyle.color=always -U archetype:generate
2024-06-18 12:35:37,267 [ModalContext] ERROR o.e.m.c.i.p.r.ProjectRegistryReader - Can't write workspace state
java.io.FileNotFoundException: C:\Users\sosak\Lucas\Practicas-Cotizacion\Java\.metadata\.plugins\org.eclipse.m2e.core\workspaceState.ser (El sistema no puede encontrar la ruta especificada)
	at java.base/java.io.FileOutputStream.open0(Native Method)
	at java.base/java.io.FileOutputStream.open(FileOutputStream.java:289)
	at java.base/java.io.FileOutputStream.<init>(FileOutputStream.java:230)
	at java.base/java.io.FileOutputStream.<init>(FileOutputStream.java:179)
	at org.eclipse.m2e.core.internal.project.registry.ProjectRegistryReader.createObjectOutputStream(ProjectRegistryReader.java:127)
	at org.eclipse.m2e.core.internal.project.registry.ProjectRegistryReader.writeWorkspaceState(ProjectRegistryReader.java:116)
	at org.eclipse.m2e.core.internal.project.registry.ProjectRegistryManager.writeWorkspaceState(ProjectRegistryManager.java:1043)
	at org.eclipse.m2e.core.internal.project.registry.ProjectRegistryManager.saving(ProjectRegistryManager.java:1194)
	at org.eclipse.core.internal.resources.SaveManager.executeLifecycle(SaveManager.java:452)
	at org.eclipse.core.internal.resources.SaveManager$1.run(SaveManager.java:268)
	at org.eclipse.core.runtime.SafeRunner.run(SafeRunner.java:47)
	at org.eclipse.core.internal.resources.SaveManager.broadcastLifecycle(SaveManager.java:271)
	at org.eclipse.core.internal.resources.SaveManager.save(SaveManager.java:1225)
	at org.eclipse.core.internal.resources.Workspace.save(Workspace.java:2489)
	at org.eclipse.ui.internal.ide.application.IDEWorkbenchAdvisor.lambda$1(IDEWorkbenchAdvisor.java:553)
	at org.eclipse.jface.operation.ModalContext$ModalContextThread.run(ModalContext.java:124)
